-------------------------------------------------------------------------------
Test set: com.automation.demo.TestRunner
-------------------------------------------------------------------------------
Tests run: 2, Failures: 0, Errors: 2, Skipped: 0, Time elapsed: 12.15 s <<< FAILURE! -- in com.automation.demo.TestRunner
Google Search.Perform Google search and fetch first results -- Time elapsed: 4.772 s <<< ERROR!
io.cucumber.junit.UndefinedStepException: 
The step 'User launches a browser' and 5 other step(s) are undefined.
You can implement these steps using the snippet(s) below:

@Given("User launches a browser")
public void user_launches_a_browser() {
    // Write code here that turns the phrase above into concrete actions
    throw new io.cucumber.java.PendingException();
}
@Given("User navigates to Google home page")
public void user_navigates_to_google_home_page() {
    // Write code here that turns the phrase above into concrete actions
    throw new io.cucumber.java.PendingException();
}
@Given("User enters search text as {string}")
public void user_enters_search_text_as(String string) {
    // Write code here that turns the phrase above into concrete actions
    throw new io.cucumber.java.PendingException();
}
@When("User clicks on Google Search button")
public void user_clicks_on_google_search_button() {
    // Write code here that turns the phrase above into concrete actions
    throw new io.cucumber.java.PendingException();
}
@Then("Search Results is displayed")
public void search_results_is_displayed() {
    // Write code here that turns the phrase above into concrete actions
    throw new io.cucumber.java.PendingException();
}
@Then("Test retrieves details of {string} result")
public void test_retrieves_details_of_result(String string) {
    // Write code here that turns the phrase above into concrete actions
    throw new io.cucumber.java.PendingException();
}


Para Bank Login Functionality.Login to the Parabank application with valid CREDS -- Time elapsed: 6.306 s <<< ERROR!
io.cucumber.junit.UndefinedStepException: 
The step 'User should able to login in the system' is undefined.
You can implement this step using the snippet(s) below:

@Then("User should able to login in the system")
public void user_should_able_to_login_in_the_system() {
    // Write code here that turns the phrase above into concrete actions
    throw new io.cucumber.java.PendingException();
}


