<?xml version="1.0" encoding="UTF-8"?>
<testsuite xmlns:xsi="http://www.w3.org/2001/XMLSchema-instance" xsi:noNamespaceSchemaLocation="https://maven.apache.org/surefire/maven-surefire-plugin/xsd/surefire-test-report-3.0.xsd" version="3.0" name="com.automation.demo.TestRunner" time="12.148" tests="2" errors="2" skipped="0" failures="0">
  <properties>
[...]
</properties>
  <testcase name="Perform Google search and fetch first results" classname="Google Search" time="4.772">
    <error message="The step &apos;User launches a browser&apos; and 5 other step(s) are undefined.&#10;You can implement these steps using the snippet(s) below:&#10;&#10;@Given(&quot;User launches a browser&quot;)&#10;public void user_launches_a_browser() {&#10;    // Write code here that turns the phrase above into concrete actions&#10;    throw new io.cucumber.java.PendingException();&#10;}&#10;@Given(&quot;User navigates to Google home page&quot;)&#10;public void user_navigates_to_google_home_page() {&#10;    // Write code here that turns the phrase above into concrete actions&#10;    throw new io.cucumber.java.PendingException();&#10;}&#10;@Given(&quot;User enters search text as {string}&quot;)&#10;public void user_enters_search_text_as(String string) {&#10;    // Write code here that turns the phrase above into concrete actions&#10;    throw new io.cucumber.java.PendingException();&#10;}&#10;@When(&quot;User clicks on Google Search button&quot;)&#10;public void user_clicks_on_google_search_button() {&#10;    // Write code here that turns the phrase above into concrete actions&#10;    throw new io.cucumber.java.PendingException();&#10;}&#10;@Then(&quot;Search Results is displayed&quot;)&#10;public void search_results_is_displayed() {&#10;    // Write code here that turns the phrase above into concrete actions&#10;    throw new io.cucumber.java.PendingException();&#10;}&#10;@Then(&quot;Test retrieves details of {string} result&quot;)&#10;public void test_retrieves_details_of_result(String string) {&#10;    // Write code here that turns the phrase above into concrete actions&#10;    throw new io.cucumber.java.PendingException();&#10;}&#10;" type="io.cucumber.junit.UndefinedStepException"><![CDATA[io.cucumber.junit.UndefinedStepException: 
The step 'User launches a browser' and 5 other step(s) are undefined.
You can implement these steps using the snippet(s) below:

@Given("User launches a browser")
public void user_launches_a_browser() {
    // Write code here that turns the phrase above into concrete actions
    throw new io.cucumber.java.PendingException();
}
@Given("User navigates to Google home page")
public void user_navigates_to_google_home_page() {
    // Write code here that turns the phrase above into concrete actions
    throw new io.cucumber.java.PendingException();
}
@Given("User enters search text as {string}")
public void user_enters_search_text_as(String string) {
    // Write code here that turns the phrase above into concrete actions
    throw new io.cucumber.java.PendingException();
}
@When("User clicks on Google Search button")
public void user_clicks_on_google_search_button() {
    // Write code here that turns the phrase above into concrete actions
    throw new io.cucumber.java.PendingException();
}
@Then("Search Results is displayed")
public void search_results_is_displayed() {
    // Write code here that turns the phrase above into concrete actions
    throw new io.cucumber.java.PendingException();
}
@Then("Test retrieves details of {string} result")
public void test_retrieves_details_of_result(String string) {
    // Write code here that turns the phrase above into concrete actions
    throw new io.cucumber.java.PendingException();
}

]]></error>
    <system-out><![CDATA[
@GoogleSearch @FetchFirstResults
Scenario: Perform Google search and fetch first results      &amp#27;[90m# src/test/resources/features/GoogleSearch.feature:5&amp#27;[0m
Driver initialized!
  &amp#27;[33mGiven &amp#27;[0m&amp#27;[33mUser launches a browser&amp#27;[0m                              &amp#27;[90m# null&amp#27;[0m
  &amp#27;[36mAnd &amp#27;[0m&amp#27;[36mUser navigates to Google home page&amp#27;[0m                     &amp#27;[90m# null&amp#27;[0m
  &amp#27;[36mAnd &amp#27;[0m&amp#27;[36mUser enters search text as "Jack Reacher By Lee Child"&amp#27;[0m &amp#27;[90m# null&amp#27;[0m
  &amp#27;[36mWhen &amp#27;[0m&amp#27;[36mUser clicks on Google Search button&amp#27;[0m                   &amp#27;[90m# null&amp#27;[0m
  &amp#27;[36mThen &amp#27;[0m&amp#27;[36mSearch Results is displayed&amp#27;[0m                           &amp#27;[90m# null&amp#27;[0m
  &amp#27;[36mAnd &amp#27;[0m&amp#27;[36mTest retrieves details of "1" result&amp#27;[0m                   &amp#27;[90m# null&amp#27;[0m
]]></system-out>
    <system-err><![CDATA[Starting ChromeDriver 134.0.6998.88 (7e3d5c978c6d3a6eda25692cfac7f893a2b20dd0-refs/branch-heads/6998@{#1898}) on port 34792
Only local connections are allowed.
Please see https://chromedriver.chromium.org/security-considerations for suggestions on keeping ChromeDriver safe.
ChromeDriver was started successfully on port 34792.
Mar 15, 2025 5:56:26 PM org.openqa.selenium.remote.ProtocolHandshake createSession
INFO: Detected dialect: W3C
]]></system-err>
  </testcase>
  <testcase name="Login to the Parabank application with valid CREDS" classname="Para Bank Login Functionality" time="6.306">
    <error message="The step &apos;User should able to login in the system&apos; is undefined.&#10;You can implement this step using the snippet(s) below:&#10;&#10;@Then(&quot;User should able to login in the system&quot;)&#10;public void user_should_able_to_login_in_the_system() {&#10;    // Write code here that turns the phrase above into concrete actions&#10;    throw new io.cucumber.java.PendingException();&#10;}&#10;" type="io.cucumber.junit.UndefinedStepException"><![CDATA[io.cucumber.junit.UndefinedStepException: 
The step 'User should able to login in the system' is undefined.
You can implement this step using the snippet(s) below:

@Then("User should able to login in the system")
public void user_should_able_to_login_in_the_system() {
    // Write code here that turns the phrase above into concrete actions
    throw new io.cucumber.java.PendingException();
}

]]></error>
    <system-out><![CDATA[
@GoogleSearch @FetchFirstResults
Scenario: Login to the Parabank application with valid CREDS &amp#27;[90m# src/test/resources/features/login.feature:5&amp#27;[0m
Driver initialized!
  &amp#27;[32mGiven &amp#27;[0m&amp#27;[32mUser navigates to bank home page&amp#27;[0m                     &amp#27;[90m# com.automation.demo.stepdefinitions.Stepdefinitions.userEntersSearchTextAs()&amp#27;[0m
  &amp#27;[32mWhen &amp#27;[0m&amp#27;[32mUser types the "&amp#27;[0m&amp#27;[32m&amp#27;[1mdemouser&amp#27;[0m&amp#27;[32m" in username field&amp#27;[0m           &amp#27;[90m# com.automation.demo.stepdefinitions.Stepdefinitions.userEntersUsername(java.lang.String)&amp#27;[0m
  &amp#27;[32mAnd &amp#27;[0m&amp#27;[32mUser types the "&amp#27;[0m&amp#27;[32m&amp#27;[1mrest_123&amp#27;[0m&amp#27;[32m" in password field&amp#27;[0m            &amp#27;[90m# com.automation.demo.stepdefinitions.Stepdefinitions.userEntersPassword(java.lang.String)&amp#27;[0m
  &amp#27;[33mThen &amp#27;[0m&amp#27;[33mUser should able to login in the system&amp#27;[0m               &amp#27;[90m# null&amp#27;[0m
]]></system-out>
    <system-err><![CDATA[Starting ChromeDriver 134.0.6998.88 (7e3d5c978c6d3a6eda25692cfac7f893a2b20dd0-refs/branch-heads/6998@{#1898}) on port 32510
Only local connections are allowed.
Please see https://chromedriver.chromium.org/security-considerations for suggestions on keeping ChromeDriver safe.
ChromeDriver was started successfully on port 32510.
Mar 15, 2025 5:56:29 PM org.openqa.selenium.remote.ProtocolHandshake createSession
INFO: Detected dialect: W3C
]]></system-err>
  </testcase>
</testsuite>